<?xml version="1.0" encoding="UTF-8"?>
<!-- Generated by org.testng.reporters.JUnitReportReporter -->
<testsuite hostname="RReyes-EDP-100-780.local" failures="0" tests="2" name="SeleniumJavaPages.AjaxFormPage" time="10.153" errors="0" timestamp="2024-02-09T20:45:31 PST" skipped="0">
  <testcase classname="SeleniumJavaPages.AjaxFormPage" name="AjaxFormDemo" time="7.118"/>
  <testcase classname="SeleniumJavaPages.AjaxFormPage" name="AjaxFormDemo2" time="3.035"/>
</testsuite> <!-- SeleniumJavaPages.AjaxFormPage -->
