<?xml version="1.0" encoding="UTF-8"?>
<!-- Generated by org.testng.reporters.JUnitReportReporter -->
<testsuite hostname="RReyes-EDP-100-780.local" failures="0" tests="1" name="SeleniumJavaPages.WindowpopsPage" time="11.979" errors="0" timestamp="2024-03-05T07:31:45 PST" skipped="0">
  <testcase classname="SeleniumJavaPages.WindowpopsPage" name="WindowDemo" time="11.979"/>
</testsuite> <!-- SeleniumJavaPages.WindowpopsPage -->
