<?xml version="1.0" encoding="UTF-8"?>
<!-- Generated by org.testng.reporters.JUnitReportReporter -->
<testsuite hostname="RReyes-EDP-100-780.local" failures="0" tests="1" name="SeleniumJava.pageobjects.TableSortPage" time="0.269" errors="0" timestamp="2024-01-21T21:59:51 PST" skipped="0">
  <testcase classname="SeleniumJava.pageobjects.TableSortPage" name="tableSort" time="0.269"/>
  <system-out/>
</testsuite> <!-- SeleniumJava.pageobjects.TableSortPage -->
