<?xml version="1.0" encoding="UTF-8"?>
<!-- Generated by org.testng.reporters.JUnitReportReporter -->
<testsuite hostname="RReyes-EDP-100-780.local" failures="0" tests="1" name="SeleniumJava.pageobjects.AlertandModalPage" time="35.571" errors="0" timestamp="2024-01-20T14:05:55 PST" skipped="0">
  <testcase classname="SeleniumJava.pageobjects.AlertandModalPage" name="AlertBootstrap" time="35.571"/>
  <system-out/>
</testsuite> <!-- SeleniumJava.pageobjects.AlertandModalPage -->
