<?xml version="1.0" encoding="UTF-8"?>
<!-- Generated by org.testng.reporters.JUnitReportReporter -->
<testsuite hostname="RReyes-EDP-100-780.local" failures="0" tests="1" name="SeleniumJava.pageobjects.RadioButtonPage" time="1.389" errors="0" timestamp="2024-01-23T07:42:32 PST" skipped="0">
  <testcase classname="SeleniumJava.pageobjects.RadioButtonPage" name="radioDemo" time="1.389"/>
  <system-out/>
</testsuite> <!-- SeleniumJava.pageobjects.RadioButtonPage -->
