<?xml version="1.0" encoding="UTF-8"?>
<!-- Generated by org.testng.reporters.JUnitReportReporter -->
<testsuite hostname="RReyes-EDP-100-780.local" failures="0" tests="1" name="SeleniumJava.pageobjects.ProgressbarPage" time="20.650" errors="0" timestamp="2024-01-22T14:47:05 PST" skipped="0">
  <testcase classname="SeleniumJava.pageobjects.ProgressbarPage" name="progressBar" time="20.650"/>
  <system-out/>
</testsuite> <!-- SeleniumJava.pageobjects.ProgressbarPage -->
