<?xml version="1.0" encoding="UTF-8"?>
<!-- Generated by org.testng.reporters.JUnitReportReporter -->
<testsuite hostname="RReyes-EDP-100-780.local" failures="0" tests="1" name="SeleniumJavaPages.InputFormSubmitPage" time="16.386" errors="0" timestamp="2024-04-12T09:03:26 PST" skipped="0">
  <testcase classname="SeleniumJavaPages.InputFormSubmitPage" name="inputInfos" time="16.386"/>
</testsuite> <!-- SeleniumJavaPages.InputFormSubmitPage -->
