<?xml version="1.0" encoding="UTF-8"?>
<!-- Generated by org.testng.reporters.JUnitReportReporter -->
<testsuite hostname="RReyes-EDP-100-780.local" failures="0" tests="1" name="SeleniumJava.pageobjects.DuallistPage" time="0.374" errors="0" timestamp="2024-01-20T15:23:14 PST" skipped="0">
  <testcase classname="SeleniumJava.pageobjects.DuallistPage" name="dualList" time="0.374"/>
  <system-out/>
</testsuite> <!-- SeleniumJava.pageobjects.DuallistPage -->
