<?xml version="1.0" encoding="UTF-8"?>
<!-- Generated by org.testng.reporters.JUnitReportReporter -->
<testsuite hostname="RReyes-EDP-100-780.local" failures="0" tests="1" name="SeleniumJava.pageobjects.JquerySelectPage" time="4.586" errors="0" timestamp="2024-01-21T21:17:17 PST" skipped="0">
  <testcase classname="SeleniumJava.pageobjects.JquerySelectPage" name="JquerySelect" time="4.586"/>
  <system-out/>
</testsuite> <!-- SeleniumJava.pageobjects.JquerySelectPage -->
