<?xml version="1.0" encoding="UTF-8"?>
<!-- Generated by org.testng.reporters.JUnitReportReporter -->
<testsuite hostname="RReyes-EDP-100-780.local" failures="0" tests="1" name="SeleniumJava.pageobjects.CheckBoxPage" time="2.479" errors="0" timestamp="2024-01-23T09:52:09 PST" skipped="0">
  <testcase classname="SeleniumJava.pageobjects.CheckBoxPage" name="checkBox" time="2.479"/>
  <system-out/>
</testsuite> <!-- SeleniumJava.pageobjects.CheckBoxPage -->
