<?xml version="1.0" encoding="UTF-8"?>
<!-- Generated by org.testng.reporters.JUnitReportReporter -->
<testsuite hostname="RReyes-EDP-100-780.local" failures="0" tests="2" name="SeleniumJavaPages.DropDownPage" time="8.799" errors="0" timestamp="2024-02-08T15:23:27 PST" skipped="0">
  <testcase classname="SeleniumJavaPages.DropDownPage" name="selectDropdownList1" time="5.724"/>
  <testcase classname="SeleniumJavaPages.DropDownPage" name="selectDropdownList2" time="3.075"/>
</testsuite> <!-- SeleniumJavaPages.DropDownPage -->
