<?xml version="1.0" encoding="UTF-8"?>
<!-- Generated by org.testng.reporters.JUnitReportReporter -->
<testsuite hostname="RReyes-EDP-100-780.local" failures="0" tests="1" name="SeleniumJavaPages.ProgressbarPage" time="26.458" errors="0" timestamp="2024-02-08T15:47:18 PST" skipped="0">
  <testcase classname="SeleniumJavaPages.ProgressbarPage" name="ProgressbarDemo" time="26.458"/>
</testsuite> <!-- SeleniumJavaPages.ProgressbarPage -->
