<?xml version="1.0" encoding="UTF-8"?>
<!-- Generated by org.testng.reporters.JUnitReportReporter -->
<testsuite hostname="RReyes-EDP-100-780.local" failures="0" tests="1" name="SeleniumJava.pageobjects.InputFormSubmitPage" time="1.481" errors="0" timestamp="2024-01-21T21:05:53 PST" skipped="0">
  <testcase classname="SeleniumJava.pageobjects.InputFormSubmitPage" name="Inputform" time="1.481"/>
  <system-out/>
</testsuite> <!-- SeleniumJava.pageobjects.InputFormSubmitPage -->
