<?xml version="1.0" encoding="UTF-8"?>
<!-- Generated by org.testng.reporters.JUnitReportReporter -->
<testsuite hostname="RReyes-EDP-100-780.local" failures="0" tests="1" name="SeleniumJava.pageobjects.BootstrapModalPage" time="3.911" errors="0" timestamp="2024-01-20T14:13:23 PST" skipped="0">
  <testcase classname="SeleniumJava.pageobjects.BootstrapModalPage" name="BootstrapModal" time="3.911"/>
  <system-out/>
</testsuite> <!-- SeleniumJava.pageobjects.BootstrapModalPage -->
