<?xml version="1.0" encoding="UTF-8"?>
<!-- Generated by org.testng.reporters.JUnitReportReporter -->
<testsuite hostname="RReyes-EDP-100-780.local" failures="0" tests="1" name="SeleniumJavaPages.CheckBoxPage" time="11.818" errors="0" timestamp="2024-02-08T15:09:49 PST" skipped="0">
  <testcase classname="SeleniumJavaPages.CheckBoxPage" name="checkBoxdemo" time="11.818"/>
</testsuite> <!-- SeleniumJavaPages.CheckBoxPage -->
