<?xml version="1.0" encoding="UTF-8"?>
<!-- Generated by org.testng.reporters.JUnitReportReporter -->
<testsuite hostname="RReyes-EDP-100-780.local" failures="0" tests="1" name="SeleniumJava.pageobjects.DatePickerPage" time="7.561" errors="0" timestamp="2024-01-24T16:28:41 PST" skipped="0">
  <testcase classname="SeleniumJava.pageobjects.DatePickerPage" name="datePicker" time="7.561"/>
  <system-out/>
</testsuite> <!-- SeleniumJava.pageobjects.DatePickerPage -->
