<?xml version="1.0" encoding="UTF-8"?>
<!-- Generated by org.testng.reporters.JUnitReportReporter -->
<testsuite hostname="RReyes-EDP-100-780.local" failures="0" tests="1" name="SeleniumJavaPages.TableSortPage" time="8.010" errors="0" timestamp="2024-02-08T15:52:58 PST" skipped="0">
  <testcase classname="SeleniumJavaPages.TableSortPage" name="TableSortDemo" time="8.010"/>
</testsuite> <!-- SeleniumJavaPages.TableSortPage -->
