<?xml version="1.0" encoding="UTF-8"?>
<!-- Generated by org.testng.reporters.JUnitReportReporter -->
<testsuite hostname="RReyes-EDP-100-780.local" failures="0" tests="1" name="SeleniumJavaPages.DatalistPage" time="10.640" errors="0" timestamp="2024-02-08T15:12:59 PST" skipped="0">
  <testcase classname="SeleniumJavaPages.DatalistPage" name="DataListDemo" time="10.640"/>
</testsuite> <!-- SeleniumJavaPages.DatalistPage -->
