<?xml version="1.0" encoding="UTF-8"?>
<!-- Generated by org.testng.reporters.JUnitReportReporter -->
<testsuite hostname="RReyes-EDP-100-780.local" failures="0" tests="1" name="SeleniumJava.pageobjects.InputFormsPage" time="6.021" errors="0" timestamp="2024-01-21T20:06:12 PST" skipped="0">
  <testcase classname="SeleniumJava.pageobjects.InputFormsPage" name="InputForms" time="6.021"/>
  <system-out/>
</testsuite> <!-- SeleniumJava.pageobjects.InputFormsPage -->
