<?xml version="1.0" encoding="UTF-8"?>
<!-- Generated by org.testng.reporters.JUnitReportReporter -->
<testsuite hostname="RReyes-EDP-100-780.local" failures="0" tests="1" name="SeleniumJava.pageobjects.DropDownPage" time="0.131" errors="0" timestamp="2024-01-20T15:15:34 PST" skipped="0">
  <testcase classname="SeleniumJava.pageobjects.DropDownPage" name="dropDown" time="0.131"/>
  <system-out/>
</testsuite> <!-- SeleniumJava.pageobjects.DropDownPage -->
