<?xml version="1.0" encoding="UTF-8"?>
<!-- Generated by org.testng.reporters.JUnitReportReporter -->
<testsuite hostname="RReyes-EDP-100-780.local" failures="0" tests="2" name="SeleniumJavaPages.DatePickerPage" time="19.129" errors="0" timestamp="2024-02-27T23:37:39 PST" skipped="0">
  <testcase classname="SeleniumJavaPages.DatePickerPage" name="DatepickerDemo1" time="12.456"/>
  <testcase classname="SeleniumJavaPages.DatePickerPage" name="DatepickerDemo2" time="6.673"/>
</testsuite> <!-- SeleniumJavaPages.DatePickerPage -->
