<?xml version="1.0" encoding="UTF-8"?>
<!-- Generated by org.testng.reporters.JUnitReportReporter -->
<testsuite hostname="RReyes-EDP-100-780.local" failures="0" tests="2" name="SeleniumJavaPages.BootstrapModalPage" time="13.554" errors="0" timestamp="2024-02-08T15:04:08 PST" skipped="0">
  <testcase classname="SeleniumJavaPages.BootstrapModalPage" name="BootstrapModal2" time="4.004"/>
  <testcase classname="SeleniumJavaPages.BootstrapModalPage" name="BootstrapModal1" time="9.550"/>
</testsuite> <!-- SeleniumJavaPages.BootstrapModalPage -->
