<?xml version="1.0" encoding="UTF-8"?>
<!-- Generated by org.testng.reporters.JUnitReportReporter -->
<testsuite hostname="RReyes-EDP-100-780.local" failures="0" tests="2" name="SeleniumJavaPages.RadioButtonPage" time="8.598" errors="0" timestamp="2024-02-08T15:50:17 PST" skipped="0">
  <testcase classname="SeleniumJavaPages.RadioButtonPage" name="radioButtonDemo2" time="2.107"/>
  <testcase classname="SeleniumJavaPages.RadioButtonPage" name="radioButtonDemo1" time="6.491"/>
</testsuite> <!-- SeleniumJavaPages.RadioButtonPage -->
