<?xml version="1.0" encoding="UTF-8"?>
<!-- Generated by org.testng.reporters.JUnitReportReporter -->
<testsuite hostname="RReyes-EDP-100-780.local" failures="0" tests="2" name="SeleniumJava.pageobjects.AjaxFormPage" time="5.136" errors="0" timestamp="2024-01-24T09:03:23 PST" skipped="0">
  <testcase classname="SeleniumJava.pageobjects.AjaxFormPage" name="AjaxFormDemo2" time="0.033"/>
  <system-out/>
  <testcase classname="SeleniumJava.pageobjects.AjaxFormPage" name="AjaxFormDemo" time="5.103"/>
  <system-out/>
</testsuite> <!-- SeleniumJava.pageobjects.AjaxFormPage -->
