<?xml version="1.0" encoding="UTF-8"?>
<!-- Generated by org.testng.reporters.JUnitReportReporter -->
<testsuite hostname="RReyes-EDP-100-780.local" failures="0" tests="15" name="SeleniumJavaPages.seleniumJavaMain" time="221.285" errors="0" timestamp="2024-04-03T18:11:32 PST" skipped="0">
  <testcase classname="SeleniumJavaPages.seleniumJavaMain" name="SimpleInputForms" time="17.438"/>
  <testcase classname="SeleniumJavaPages.seleniumJavaMain" name="Ajaxforms" time="8.997"/>
  <testcase classname="SeleniumJavaPages.seleniumJavaMain" name="RadioButton" time="8.332"/>
  <testcase classname="SeleniumJavaPages.seleniumJavaMain" name="checkBox" time="11.404"/>
  <testcase classname="SeleniumJavaPages.seleniumJavaMain" name="selectDropdown" time="8.267"/>
  <testcase classname="SeleniumJavaPages.seleniumJavaMain" name="inputForms" time="14.966"/>
  <testcase classname="SeleniumJavaPages.seleniumJavaMain" name="JquerySelect" time="18.823"/>
  <testcase classname="SeleniumJavaPages.seleniumJavaMain" name="datePicker" time="19.175"/>
  <testcase classname="SeleniumJavaPages.seleniumJavaMain" name="TableSort" time="7.572"/>
  <testcase classname="SeleniumJavaPages.seleniumJavaMain" name="progresBar" time="25.557"/>
  <testcase classname="SeleniumJavaPages.seleniumJavaMain" name="bootstrapAlert" time="35.632"/>
  <testcase classname="SeleniumJavaPages.seleniumJavaMain" name="bootstrapModal" time="12.771"/>
  <testcase classname="SeleniumJavaPages.seleniumJavaMain" name="WindowPopup" time="12.341"/>
  <testcase classname="SeleniumJavaPages.seleniumJavaMain" name="DualListbox" time="10.592"/>
  <testcase classname="SeleniumJavaPages.seleniumJavaMain" name="Datalistbox" time="9.418"/>
</testsuite> <!-- SeleniumJavaPages.seleniumJavaMain -->
