<?xml version="1.0" encoding="UTF-8"?>
<!-- Generated by org.testng.reporters.JUnitReportReporter -->
<testsuite hostname="RReyes-EDP-100-780.local" failures="0" tests="1" name="SeleniumJava.pageobjects.DatalistPage" time="2.797" errors="0" timestamp="2024-01-24T12:20:54 PST" skipped="0">
  <testcase classname="SeleniumJava.pageobjects.DatalistPage" name="DataListdemo" time="2.797"/>
  <system-out/>
</testsuite> <!-- SeleniumJava.pageobjects.DatalistPage -->
