<?xml version="1.0" encoding="UTF-8"?>
<!-- Generated by org.testng.reporters.JUnitReportReporter -->
<testsuite hostname="RReyes-EDP-100-780.local" failures="0" tests="8" name="SeleniumJavaPages.AlertandModalPage" time="36.867" errors="0" timestamp="2024-02-08T14:58:35 PST" skipped="0">
  <testcase classname="SeleniumJavaPages.AlertandModalPage" name="autoClose" time="8.382"/>
  <testcase classname="SeleniumJavaPages.AlertandModalPage" name="normalAlert" time="3.075"/>
  <testcase classname="SeleniumJavaPages.AlertandModalPage" name="AutocloseWarning" time="5.040"/>
  <testcase classname="SeleniumJavaPages.AlertandModalPage" name="normalWarning" time="3.096"/>
  <testcase classname="SeleniumJavaPages.AlertandModalPage" name="autoCloseDanger" time="5.040"/>
  <testcase classname="SeleniumJavaPages.AlertandModalPage" name="normalDanger" time="3.089"/>
  <testcase classname="SeleniumJavaPages.AlertandModalPage" name="autoCloseInfo" time="6.058"/>
  <testcase classname="SeleniumJavaPages.AlertandModalPage" name="normalInfo" time="3.087"/>
</testsuite> <!-- SeleniumJavaPages.AlertandModalPage -->
