<?xml version="1.0" encoding="UTF-8"?>
<!-- Generated by org.testng.reporters.JUnitReportReporter -->
<testsuite hostname="RReyes-EDP-100-780.local" failures="0" tests="1" name="SeleniumJavaPages.DuallistPage" time="11.565" errors="0" timestamp="2024-02-08T15:25:13 PST" skipped="0">
  <testcase classname="SeleniumJavaPages.DuallistPage" name="DualListboxDemo" time="11.565"/>
</testsuite> <!-- SeleniumJavaPages.DuallistPage -->
