<?xml version="1.0" encoding="UTF-8"?>
<!-- Generated by org.testng.reporters.JUnitReportReporter -->
<testsuite hostname="RReyes-EDP-100-780.local" failures="0" tests="2" name="SeleniumJavaPages.JquerySelectPage" time="19.153" errors="0" timestamp="2024-02-23T11:39:34 PST" skipped="0">
  <testcase classname="SeleniumJavaPages.JquerySelectPage" name="JquerySelectDemo" time="17.072"/>
  <testcase classname="SeleniumJavaPages.JquerySelectPage" name="JquerySelectDemo2" time="2.081"/>
</testsuite> <!-- SeleniumJavaPages.JquerySelectPage -->
