<?xml version="1.0" encoding="UTF-8"?>
<!-- Generated by org.testng.reporters.JUnitReportReporter -->
<testsuite hostname="RReyes-EDP-100-780.local" failures="0" tests="2" name="SeleniumJavaPages.InputFormsPage" time="17.303" errors="0" timestamp="2024-02-13T13:44:37 PST" skipped="0">
  <testcase classname="SeleniumJavaPages.InputFormsPage" name="InvalidFields" time="12.394"/>
  <testcase classname="SeleniumJavaPages.InputFormsPage" name="InputMessage" time="4.909"/>
</testsuite> <!-- SeleniumJavaPages.InputFormsPage -->
