<?xml version="1.0" encoding="UTF-8"?>
<!-- Generated by org.testng.reporters.JUnitReportReporter -->
<testsuite hostname="RReyes-EDP-100-780.local" failures="0" tests="15" name="StandAloneSelenium.seleniumJavaMain" time="158.785" errors="0" timestamp="2024-01-28T00:59:51 PST" skipped="0">
  <testcase classname="StandAloneSelenium.seleniumJavaMain" name="SimpleInputForms" time="15.693"/>
  <testcase classname="StandAloneSelenium.seleniumJavaMain" name="Ajaxforms" time="7.982"/>
  <testcase classname="StandAloneSelenium.seleniumJavaMain" name="RadioButton" time="5.100"/>
  <testcase classname="StandAloneSelenium.seleniumJavaMain" name="checkBox" time="6.785"/>
  <testcase classname="StandAloneSelenium.seleniumJavaMain" name="selectDropdown" time="6.084"/>
  <testcase classname="StandAloneSelenium.seleniumJavaMain" name="inputForms" time="5.959"/>
  <testcase classname="StandAloneSelenium.seleniumJavaMain" name="JquerySelect" time="7.732"/>
  <testcase classname="StandAloneSelenium.seleniumJavaMain" name="datePicker" time="11.001"/>
  <testcase classname="StandAloneSelenium.seleniumJavaMain" name="TableSort" time="4.827"/>
  <testcase classname="StandAloneSelenium.seleniumJavaMain" name="progresBar" time="23.525"/>
  <testcase classname="StandAloneSelenium.seleniumJavaMain" name="bootstrapAlert" time="32.501"/>
  <testcase classname="StandAloneSelenium.seleniumJavaMain" name="bootstrapModal" time="7.883"/>
  <testcase classname="StandAloneSelenium.seleniumJavaMain" name="WindowPopup" time="9.451"/>
  <testcase classname="StandAloneSelenium.seleniumJavaMain" name="Datalistbox" time="5.280"/>
  <testcase classname="StandAloneSelenium.seleniumJavaMain" name="DualListbox" time="8.982"/>
</testsuite> <!-- StandAloneSelenium.seleniumJavaMain -->
